Added Component: Designator=P17(HDR1X5)
Add component (AddParameter): Name = "Category"; Value = "Connectors"; VariantName = "[No Variations]"
Add component (AddParameter): Name = "Color"; Value = "Black"; VariantName = "[No Variations]"
Add component (AddParameter): Name = "ComponentLink1Description"; Value = "https://media.digikey.com/pdf/Data%20Sheets/Sullins%20PDFs/Female_Headers.100_DS.pdf?src-supplier=Digi-Key"; VariantName = "[No Variations]"
Add component (AddParameter): Name = "ComponentLink1URL"; Value = "https://media.digikey.com/pdf/Data%20Sheets/Sullins%20PDFs/Female_Headers.100_DS.pdf?src-supplier=Digi-Key"; VariantName = "[No Variations]"
Add component (AddParameter): Name = "ComponentLink2Description"; Value = "http://www.sullinscorp.com/catalogs/78_Page80-81_HEADER_.100_2.54mm_FEMALE.pdf?src-supplier=Future+Electronics"; VariantName = "[No Variations]"
Add component (AddParameter): Name = "ComponentLink2URL"; Value = "http://www.sullinscorp.com/catalogs/78_Page80-81_HEADER_.100_2.54mm_FEMALE.pdf?src-supplier=Future+Electronics"; VariantName = "[No Variations]"
Add component (AddParameter): Name = "Connector Type"; Value = "Header"; VariantName = "[No Variations]"
Add component (AddParameter): Name = "Contact Material"; Value = "Bronze"; VariantName = "[No Variations]"
Add component (AddParameter): Name = "Contact Plating"; Value = "Gold"; VariantName = "[No Variations]"
Add component (AddParameter): Name = "Contact Type"; Value = "Female Socket"; VariantName = "[No Variations]"
Add component (AddParameter): Name = "Height"; Value = "8.5mm"; VariantName = "[No Variations]"
Add component (AddParameter): Name = "Housing Material"; Value = "Plastic"; VariantName = "[No Variations]"
Add component (AddParameter): Name = "LatestRevisionDate"; Value = "17-Jul-2002"; VariantName = "[No Variations]"
Add component (AddParameter): Name = "LatestRevisionNote"; Value = "Re-released for DXP Platform."; VariantName = "[No Variations]"
Add component (AddParameter): Name = "Lead Free"; Value = "Lead Free"; VariantName = "[No Variations]"
Add component (AddParameter): Name = "Length"; Value = "13.2mm"; VariantName = "[No Variations]"
Add component (AddParameter): Name = "Manufacturer"; Value = "Sullins"; VariantName = "[No Variations]"
Add component (AddParameter): Name = "Manufacturer Part Number"; Value = "PPPC051LFBN-RC"; VariantName = "[No Variations]"
Add component (AddParameter): Name = "Mount"; Value = "Through Hole"; VariantName = "[No Variations]"
Add component (AddParameter): Name = "Number of Positions"; Value = "5"; VariantName = "[No Variations]"
Add component (AddParameter): Name = "Number of Rows"; Value = "1"; VariantName = "[No Variations]"
Add component (AddParameter): Name = "Package Quantity"; Value = "1000"; VariantName = "[No Variations]"
Add component (AddParameter): Name = "Packaging"; Value = "Bulk"; VariantName = "[No Variations]"
Add component (AddParameter): Name = "Pitch"; Value = "0.1inch"; VariantName = "[No Variations]"
Add component (AddParameter): Name = "Pricing 1"; Value = "1=0.49000, 10=0.45900, 100=0.35190, 500=0.30600, 1000=0.25245, 5000=0.22185, 10000=0.22100 (USD)"; VariantName = "[No Variations]"
Add component (AddParameter): Name = "Publisher"; Value = "Altium Limited"; VariantName = "[No Variations]"
Add component (AddParameter): Name = "RoHS"; Value = "Yes"; VariantName = "[No Variations]"
Add component (AddParameter): Name = "RoHS Compliant"; Value = "Yes"; VariantName = "[No Variations]"
Add component (AddParameter): Name = "Stock 1"; Value = "10661"; VariantName = "[No Variations]"
Add component (AddParameter): Name = "Supplier 1"; Value = "Digi-Key"; VariantName = "[No Variations]"
Add component (AddParameter): Name = "Supplier Part Number 1"; Value = "S7038-ND"; VariantName = "[No Variations]"
Add component (AddParameter): Name = "Termination"; Value = "Solder"; VariantName = "[No Variations]"
Add component (AddParameter): Name = "Width"; Value = "2.5mm"; VariantName = "[No Variations]"
Added Pin To Net: NetName=GND Pin=P17-2
Added Net: Name=3.3V
Added Net: Name=5V
Added Net: Name=12V
Added Net: Name=A0
Added Net: Name=A1
Added Net: Name=A2
Added Net: Name=AND_RESULT
Added Net: Name=D+
Added Net: Name=D-
Added Net: Name=Driver_1
Added Net: Name=Driver_2
Added Net: Name=Driver_3
Added Net: Name=Driver_4
Added Net: Name=EXTRA_POWER_ON
Added Net: Name=FAN_O1
Added Net: Name=FAN_O2
Added Net: Name=LED1
Added Net: Name=LED2_2
Added Net: Name=LED2
Added Net: Name=LIGHTS_ON
Added Net: Name=MCU_RX
Added Net: Name=MCU_TX
Added Net: Name=NetD1_1
Added Net: Name=NetD3_1
Added Net: Name=NetD4_1
Added Pin To Net: NetName=NetD5_1 Pin=P17-1
Added Net: Name=NetD5_1
Added Net: Name=NetP1_1
Added Net: Name=NetP1_2
Added Net: Name=NetP3_1
Added Net: Name=NetP3_2
Added Net: Name=NetP4_1
Added Net: Name=NetP4_2
Added Net: Name=NetP7_1
Added Net: Name=NetP7_2
Added Net: Name=NetP10_1
Added Net: Name=NetP10_2
Added Net: Name=NetP12_1
Added Net: Name=NetP12_2
Added Net: Name=NetP13_1
Added Net: Name=NetP14_1
Added Net: Name=NetP15_1
Added Net: Name=NetP16_1
Added Net: Name=NetR1_1
Added Net: Name=NetR3_1
Added Net: Name=NetR7_2
Added Net: Name=NetR8_1
Added Net: Name=NetR13_1
Added Net: Name=NetR15_1
Added Net: Name=NetR16_1
Added Net: Name=PB_RESET
Added Pin To Net: NetName=PRG_RESET Pin=P17-3
Added Net: Name=PRG_RESET
Added Net: Name=PWM1
Added Net: Name=PWM2
Added Net: Name=PWM3
Added Net: Name=PWM4
Added Net: Name=PWR_GOOD_3P3
Added Net: Name=SCL
Added Net: Name=SDA
Added Pin To Net: NetName=SWDCLK Pin=P17-4
Added Net: Name=SWDCLK
Added Pin To Net: NetName=SWDIO Pin=P17-5
Added Net: Name=SWDIO
Added Net: Name=WCO_IN
Added Net: Name=WCO_OUT
Added Member To Class: ClassName=02 ECE453-Digital-Interface Member=Component P17 Header 5
